||||||||||||||||||||||||||||||||||||
||        ||||||||||||     C||||||||
|| |||||| ||||||||.||| |||||||||||||
|| |||||| ||||||||.||| |||        ||
|| |||||| ||||||||.||| ||| |||||| ||
|| |              .||| ||| |||||| ||
|| |||||||||||||||.||| ||| |||||| ||
|| ||||||C||| ||||.         ||||| ||
|| ||||||.||| ||||.|||||||||||||| ||
||C|||.............|||||          ||
||||||||||||||||||||||||||
Jerry moved South (3, 20)
Jerry moved South (4, 21)
Jerry moved South (5, 22)
Jerry moved South (6, 23)
Jerry moved South (7, 24)
Jerry moved South (8, 25)
Jerry moved South (9, 26)
Jerry moved West (9, 26)
Jerry moved West (9, 25)
Jerry moved West (9, 24)
Jerry moved West (9, 23)
Jerry moved West (9, 22)
Jerry moved West (9, 21)
Jerry moved West (9, 20)
Jerry moved West (9, 19)
Jerry moved West (9, 18)
Jerry moved West (9, 17)
Jerry moved West (9, 16)
Jerry moved West (9, 15)
Jerry moved North (8, 18)
Jerry moved North (7, 17)