||||||||||||||||||||||||||||||||||||
||........||||||||||||     C||||||||
||.||||||.||||||||.||| |||||||||||||
||.||||||.||||||||.||| |||        ||
||.||||||.||||||||.||| ||| |||||| ||
||.|...............||| ||| |||||| ||
||.||||||||||||||| ||| ||| |||||| ||
||.||||||C||| ||||          ||||| ||
||.|||||| ||| |||| |||||||||||||| ||
||C|||             |||||          ||
||||||||||||||||||||||||||
Jerry moved South (19, 8)
Jerry moved South (19, 7)
Jerry moved South (19, 6)
Jerry moved West (18, 6)
Jerry moved West (17, 6)
Jerry moved West (16, 6)
Jerry moved West (15, 6)
Jerry moved West (14, 6)
Jerry moved West (13, 6)
Jerry moved West (12, 6)
Jerry moved West (11, 6)
Jerry moved West (10, 6)
Jerry moved West (9, 6)
Jerry moved West (8, 6)
Jerry moved West (7, 6)
Jerry moved West (6, 6)
Jerry moved West (5, 6)
Jerry moved East (6, 6)
Jerry moved East (7, 6)
Jerry moved East (8, 6)
Jerry moved East (9, 6)
Jerry moved East (10, 6)
Jerry moved North (10, 7)
Jerry moved North (10, 8)
Jerry moved North (10, 9)
Jerry moved North (10, 10)
Jerry moved West (9, 10)
Jerry moved West (8, 10)
Jerry moved West (7, 10)
Jerry moved West (6, 10)
Jerry moved West (5, 10)
Jerry moved West (4, 10)
Jerry moved West (3, 10)
Jerry moved South (3, 9)
Jerry moved South (3, 8)
Jerry moved South (3, 7)
Jerry moved South (3, 6)
Jerry moved South (3, 5)
Jerry moved South (3, 4)
Jerry moved South (3, 3)
Jerry moved South (3, 2)